
Showing logs for build [32mcb-kubecd-environment-pr-213-21-lpgq4-1[0m stage [32mfrom-build-pack[0m and container [32mstep-credential-initializer-x9sxd[0m
{"level":"info","ts":1588520819.360381,"logger":"fallback-logger","caller":"logging/config.go:69","msg":"Fetch GitHub commit ID from kodata failed: open /var/run/ko/refs/heads/0.8.0-ns-support: no such file or directory"}
{"level":"info","ts":1588520819.3613203,"logger":"fallback-logger","caller":"creds-init/main.go:40","msg":"Credentials initialized."}

Showing logs for build [32mcb-kubecd-environment-pr-213-21-lpgq4-1[0m stage [32mfrom-build-pack[0m and container [32mstep-working-dir-initializer-n5wq7[0m
{"level":"info","ts":1588520820.8588278,"logger":"fallback-logger","caller":"logging/config.go:69","msg":"Fetch GitHub commit ID from kodata failed: open /var/run/ko/HEAD: no such file or directory"}
{"level":"info","ts":1588520820.8683565,"logger":"fallback-logger","caller":"bash/main.go:64","msg":"Successfully executed command \"sh -c mkdir -p /workspace/source\"; output "}

Showing logs for build [32mcb-kubecd-environment-pr-213-21-lpgq4-1[0m stage [32mfrom-build-pack[0m and container [32mstep-place-tools[0m

Showing logs for build [32mcb-kubecd-environment-pr-213-21-lpgq4-1[0m stage [32mfrom-build-pack[0m and container [32mstep-git-source-cb-kubecd-environment-pr-213-21-lpgq4-b84kt[0m
{"level":"info","ts":1588520826.1084723,"logger":"fallback-logger","caller":"logging/config.go:69","msg":"Fetch GitHub commit ID from kodata failed: open /var/run/ko/refs/heads/0.8.0-ns-support: no such file or directory"}
{"level":"info","ts":1588520827.173721,"logger":"fallback-logger","caller":"git/git.go:103","msg":"Successfully cloned https://github.com/cb-kubecd/environment-pr-213-21-boot-gke-staging.git @ master in path /workspace/source"}

Showing logs for build [32mcb-kubecd-environment-pr-213-21-lpgq4-1[0m stage [32mfrom-build-pack[0m and container [32mstep-git-merge[0m
Using SHAs from PULL_REFS=master:73551b5c9c7f8b2f7bdbc449933c478829b16c2c,7:22e9b5d50a8186674c7dc471691b3565f8a4415e
DEBUG: LC_ALL=C JX_LOG_LEVEL=error git fetch origin --unshallow 22e9b5d50a8186674c7dc471691b3565f8a4415e: 73551b5c9c7f8b2f7bdbc449933c478829b16c2c:
DEBUG: ran git fetch --unshallow origin 22e9b5d50a8186674c7dc471691b3565f8a4415e: 73551b5c9c7f8b2f7bdbc449933c478829b16c2c: in 
DEBUG: LC_ALL=C JX_LOG_LEVEL=error git branch
DEBUG: LC_ALL=C JX_LOG_LEVEL=error git checkout master
DEBUG: ran git checkout master in 
DEBUG: JX_LOG_LEVEL=error LC_ALL=C git reset --hard 73551b5c9c7f8b2f7bdbc449933c478829b16c2c
DEBUG: ran git reset --hard 73551b5c9c7f8b2f7bdbc449933c478829b16c2c in 
DEBUG: LC_ALL=C JX_LOG_LEVEL=error git clean -fd .
DEBUG: ran clean --force -d . in 
DEBUG: LC_ALL=C JX_LOG_LEVEL=error git merge 22e9b5d50a8186674c7dc471691b3565f8a4415e
DEBUG: ran git merge 22e9b5d50a8186674c7dc471691b3565f8a4415e in 
DEBUG: LC_ALL=C JX_LOG_LEVEL=error git log --format=%H%x1f%an%x1f%ae%x1f%cn%x1f%ce%x1f%s%n%b%x1e 73551b5c9c7f8b2f7bdbc449933c478829b16c2c..HEAD
Merged SHA 22e9b5d50a8186674c7dc471691b3565f8a4415e with commit message 'chore: Promote bdd-nh-import-1588519314 to version 0.0.1' into base branch master

Showing logs for build [32mcb-kubecd-environment-pr-213-21-lpgq4-1[0m stage [32mfrom-build-pack[0m and container [32mstep-build-helm-build[0m
WARNING: No $CHART_REPOSITORY defined so using the default value of: http://jenkins-x-chartmuseum:8080
Adding missing Helm repo: storage.googleapis.com https://storage.googleapis.com/chartmuseum.jenkins-x.io
WARNING: No secrets found on "helm/repos" due: reading the secret "helm/repos" from vault: no secret "helm/repos" not found in vault
Read credentials for https://storage.googleapis.com/chartmuseum.jenkins-x.io from vault helm/repos
Successfully added Helm repository storage.googleapis.com.
Adding missing Helm repo: jenkins-x-chartmuseum http://jenkins-x-chartmuseum:8080
WARNING: No secrets found on "helm/repos" due: reading the secret "helm/repos" from vault: no secret "helm/repos" not found in vault
Read credentials for http://jenkins-x-chartmuseum:8080 from vault helm/repos
Successfully added Helm repository jenkins-x-chartmuseum.
WARNING: No $CHART_REPOSITORY defined so using the default value of: http://jenkins-x-chartmuseum:8080
Adding missing Helm repo: chartmuseum.jenkins-x.io http://chartmuseum.jenkins-x.io
WARNING: No secrets found on "helm/repos" due: reading the secret "helm/repos" from vault: no secret "helm/repos" not found in vault
Read credentials for http://chartmuseum.jenkins-x.io from vault helm/repos
Successfully added Helm repository chartmuseum.jenkins-x.io.
