
Showing logs for build [32mcb-kubecd-environment-pr-213-21-rzslv-1[0m stage [32mfrom-build-pack[0m and container [32mstep-credential-initializer-2vqlf[0m
{"level":"info","ts":1588517914.6954987,"logger":"fallback-logger","caller":"logging/config.go:69","msg":"Fetch GitHub commit ID from kodata failed: open /var/run/ko/refs/heads/0.8.0-ns-support: no such file or directory"}
{"level":"info","ts":1588517914.6962693,"logger":"fallback-logger","caller":"creds-init/main.go:40","msg":"Credentials initialized."}

Showing logs for build [32mcb-kubecd-environment-pr-213-21-rzslv-1[0m stage [32mfrom-build-pack[0m and container [32mstep-working-dir-initializer-9m9gp[0m
{"level":"info","ts":1588517916.1555479,"logger":"fallback-logger","caller":"logging/config.go:69","msg":"Fetch GitHub commit ID from kodata failed: open /var/run/ko/HEAD: no such file or directory"}
{"level":"info","ts":1588517916.1582344,"logger":"fallback-logger","caller":"bash/main.go:64","msg":"Successfully executed command \"sh -c mkdir -p /workspace/source\"; output "}

Showing logs for build [32mcb-kubecd-environment-pr-213-21-rzslv-1[0m stage [32mfrom-build-pack[0m and container [32mstep-place-tools[0m

Showing logs for build [32mcb-kubecd-environment-pr-213-21-rzslv-1[0m stage [32mfrom-build-pack[0m and container [32mstep-git-source-cb-kubecd-environment-pr-213-21-rzslv-x49zs[0m
{"level":"info","ts":1588517920.2641225,"logger":"fallback-logger","caller":"logging/config.go:69","msg":"Fetch GitHub commit ID from kodata failed: open /var/run/ko/refs/heads/0.8.0-ns-support: no such file or directory"}
{"level":"info","ts":1588517921.3265798,"logger":"fallback-logger","caller":"git/git.go:103","msg":"Successfully cloned https://github.com/cb-kubecd/environment-pr-213-21-boot-gke-staging.git @ master in path /workspace/source"}

Showing logs for build [32mcb-kubecd-environment-pr-213-21-rzslv-1[0m stage [32mfrom-build-pack[0m and container [32mstep-git-merge[0m
Using SHAs from PULL_REFS=master:f6a06d76f2441198060e8ba16b19d71f1604d1dc,3:86170a3d6a51e9f2573f5b6e33f5a55cad93a9bb
DEBUG: LC_ALL=C JX_LOG_LEVEL=error git fetch origin --unshallow 86170a3d6a51e9f2573f5b6e33f5a55cad93a9bb: f6a06d76f2441198060e8ba16b19d71f1604d1dc:
DEBUG: ran git fetch --unshallow origin 86170a3d6a51e9f2573f5b6e33f5a55cad93a9bb: f6a06d76f2441198060e8ba16b19d71f1604d1dc: in 
DEBUG: JX_LOG_LEVEL=error LC_ALL=C git branch
DEBUG: LC_ALL=C JX_LOG_LEVEL=error git checkout master
DEBUG: ran git checkout master in 
DEBUG: LC_ALL=C JX_LOG_LEVEL=error git reset --hard f6a06d76f2441198060e8ba16b19d71f1604d1dc
DEBUG: ran git reset --hard f6a06d76f2441198060e8ba16b19d71f1604d1dc in 
DEBUG: LC_ALL=C JX_LOG_LEVEL=error git clean -fd .
DEBUG: ran clean --force -d . in 
DEBUG: LC_ALL=C JX_LOG_LEVEL=error git merge 86170a3d6a51e9f2573f5b6e33f5a55cad93a9bb
DEBUG: ran git merge 86170a3d6a51e9f2573f5b6e33f5a55cad93a9bb in 
DEBUG: LC_ALL=C JX_LOG_LEVEL=error git log --format=%H%x1f%an%x1f%ae%x1f%cn%x1f%ce%x1f%s%n%b%x1e f6a06d76f2441198060e8ba16b19d71f1604d1dc..HEAD
Merged SHA 86170a3d6a51e9f2573f5b6e33f5a55cad93a9bb with commit message 'chore: Promote bdd-nh-1588516987 to version 0.0.1' into base branch master

Showing logs for build [32mcb-kubecd-environment-pr-213-21-rzslv-1[0m stage [32mfrom-build-pack[0m and container [32mstep-build-helm-build[0m
WARNING: No $CHART_REPOSITORY defined so using the default value of: http://jenkins-x-chartmuseum:8080
Adding missing Helm repo: storage.googleapis.com https://storage.googleapis.com/chartmuseum.jenkins-x.io
WARNING: No secrets found on "helm/repos" due: reading the secret "helm/repos" from vault: no secret "helm/repos" not found in vault
Read credentials for https://storage.googleapis.com/chartmuseum.jenkins-x.io from vault helm/repos
Successfully added Helm repository storage.googleapis.com.
Adding missing Helm repo: jenkins-x-chartmuseum http://jenkins-x-chartmuseum:8080
WARNING: No secrets found on "helm/repos" due: reading the secret "helm/repos" from vault: no secret "helm/repos" not found in vault
Read credentials for http://jenkins-x-chartmuseum:8080 from vault helm/repos
Successfully added Helm repository jenkins-x-chartmuseum.
WARNING: No $CHART_REPOSITORY defined so using the default value of: http://jenkins-x-chartmuseum:8080
Adding missing Helm repo: chartmuseum.jenkins-x.io http://chartmuseum.jenkins-x.io
WARNING: No secrets found on "helm/repos" due: reading the secret "helm/repos" from vault: no secret "helm/repos" not found in vault
Read credentials for http://chartmuseum.jenkins-x.io from vault helm/repos
Successfully added Helm repository chartmuseum.jenkins-x.io.
