
Showing logs for build [32mcb-kubecd-environment-pr-213-21-cdhjl-1[0m stage [32mfrom-build-pack[0m and container [32mstep-credential-initializer-jc9f4[0m
{"level":"info","ts":1588516213.123268,"logger":"fallback-logger","caller":"logging/config.go:69","msg":"Fetch GitHub commit ID from kodata failed: open /var/run/ko/refs/heads/0.8.0-ns-support: no such file or directory"}
{"level":"info","ts":1588516213.1240118,"logger":"fallback-logger","caller":"creds-init/main.go:40","msg":"Credentials initialized."}

Showing logs for build [32mcb-kubecd-environment-pr-213-21-cdhjl-1[0m stage [32mfrom-build-pack[0m and container [32mstep-working-dir-initializer-l89qg[0m
{"level":"info","ts":1588516214.484282,"logger":"fallback-logger","caller":"logging/config.go:69","msg":"Fetch GitHub commit ID from kodata failed: open /var/run/ko/HEAD: no such file or directory"}
{"level":"info","ts":1588516214.4864922,"logger":"fallback-logger","caller":"bash/main.go:64","msg":"Successfully executed command \"sh -c mkdir -p /workspace/source\"; output "}

Showing logs for build [32mcb-kubecd-environment-pr-213-21-cdhjl-1[0m stage [32mfrom-build-pack[0m and container [32mstep-place-tools[0m

Showing logs for build [32mcb-kubecd-environment-pr-213-21-cdhjl-1[0m stage [32mfrom-build-pack[0m and container [32mstep-git-source-cb-kubecd-environment-pr-213-21-cdhjl-2tf64[0m
{"level":"info","ts":1588516218.7545006,"logger":"fallback-logger","caller":"logging/config.go:69","msg":"Fetch GitHub commit ID from kodata failed: open /var/run/ko/refs/heads/0.8.0-ns-support: no such file or directory"}
{"level":"info","ts":1588516219.8600888,"logger":"fallback-logger","caller":"git/git.go:103","msg":"Successfully cloned https://github.com/cb-kubecd/environment-pr-213-21-boot-gke-staging.git @ master in path /workspace/source"}

Showing logs for build [32mcb-kubecd-environment-pr-213-21-cdhjl-1[0m stage [32mfrom-build-pack[0m and container [32mstep-git-merge[0m
Using SHAs from PULL_REFS=master:24bc69a2890d74e036b51e7b80d186ca29581724,1:df6542d7f2d5a96cb3d997721a03ea1ffc266dc0
DEBUG: LC_ALL=C JX_LOG_LEVEL=error git fetch origin --unshallow df6542d7f2d5a96cb3d997721a03ea1ffc266dc0: 24bc69a2890d74e036b51e7b80d186ca29581724:
DEBUG: ran git fetch --unshallow origin df6542d7f2d5a96cb3d997721a03ea1ffc266dc0: 24bc69a2890d74e036b51e7b80d186ca29581724: in 
DEBUG: LC_ALL=C JX_LOG_LEVEL=error git branch
DEBUG: LC_ALL=C JX_LOG_LEVEL=error git checkout master
DEBUG: ran git checkout master in 
DEBUG: LC_ALL=C JX_LOG_LEVEL=error git reset --hard 24bc69a2890d74e036b51e7b80d186ca29581724
DEBUG: ran git reset --hard 24bc69a2890d74e036b51e7b80d186ca29581724 in 
DEBUG: LC_ALL=C JX_LOG_LEVEL=error git clean -fd .
DEBUG: ran clean --force -d . in 
DEBUG: LC_ALL=C JX_LOG_LEVEL=error git merge df6542d7f2d5a96cb3d997721a03ea1ffc266dc0
DEBUG: ran git merge df6542d7f2d5a96cb3d997721a03ea1ffc266dc0 in 
DEBUG: LC_ALL=C JX_LOG_LEVEL=error git log --format=%H%x1f%an%x1f%ae%x1f%cn%x1f%ce%x1f%s%n%b%x1e 24bc69a2890d74e036b51e7b80d186ca29581724..HEAD
Merged SHA df6542d7f2d5a96cb3d997721a03ea1ffc266dc0 with commit message 'chore: Promote bdd-spring-1588515833 to version 0.0.1' into base branch master

Showing logs for build [32mcb-kubecd-environment-pr-213-21-cdhjl-1[0m stage [32mfrom-build-pack[0m and container [32mstep-build-helm-build[0m
WARNING: No $CHART_REPOSITORY defined so using the default value of: http://jenkins-x-chartmuseum:8080
Adding missing Helm repo: storage.googleapis.com https://storage.googleapis.com/chartmuseum.jenkins-x.io
WARNING: No secrets found on "helm/repos" due: reading the secret "helm/repos" from vault: no secret "helm/repos" not found in vault
Read credentials for https://storage.googleapis.com/chartmuseum.jenkins-x.io from vault helm/repos
Successfully added Helm repository storage.googleapis.com.
Adding missing Helm repo: jenkins-x-chartmuseum http://jenkins-x-chartmuseum:8080
WARNING: No secrets found on "helm/repos" due: reading the secret "helm/repos" from vault: no secret "helm/repos" not found in vault
Read credentials for http://jenkins-x-chartmuseum:8080 from vault helm/repos
Successfully added Helm repository jenkins-x-chartmuseum.
WARNING: No $CHART_REPOSITORY defined so using the default value of: http://jenkins-x-chartmuseum:8080
Adding missing Helm repo: chartmuseum.jenkins-x.io http://chartmuseum.jenkins-x.io
WARNING: No secrets found on "helm/repos" due: reading the secret "helm/repos" from vault: no secret "helm/repos" not found in vault
Read credentials for http://chartmuseum.jenkins-x.io from vault helm/repos
Successfully added Helm repository chartmuseum.jenkins-x.io.
